2025-08-10T00:08:41.440+03:00  INFO 212 --- [service] [main] ru.team24.Team24Application              : Starting Team24Application using Java 24.0.1 with PID 212 (A:\team-24-back\controller\target\classes started by MSI Nikita in A:\team-24-back)
2025-08-10T00:08:41.446+03:00  INFO 212 --- [service] [main] ru.team24.Team24Application              : No active profile set, falling back to 1 default profile: "default"
2025-08-10T00:08:42.492+03:00  INFO 212 --- [service] [main] .s.d.r.c.RepositoryConfigurationDelegate : Bootstrapping Spring Data JPA repositories in DEFAULT mode.
2025-08-10T00:08:42.583+03:00  INFO 212 --- [service] [main] .s.d.r.c.RepositoryConfigurationDelegate : Finished Spring Data repository scanning in 81 ms. Found 6 JPA repository interfaces.
2025-08-10T00:08:43.094+03:00  INFO 212 --- [service] [main] o.s.b.w.embedded.tomcat.TomcatWebServer  : Tomcat initialized with port 8080 (http)
2025-08-10T00:08:43.105+03:00  INFO 212 --- [service] [main] o.apache.catalina.core.StandardService   : Starting service [Tomcat]
2025-08-10T00:08:43.106+03:00  INFO 212 --- [service] [main] o.apache.catalina.core.StandardEngine    : Starting Servlet engine: [Apache Tomcat/10.1.43]
2025-08-10T00:08:43.166+03:00  INFO 212 --- [service] [main] o.a.c.c.C.[Tomcat].[localhost].[/]       : Initializing Spring embedded WebApplicationContext
2025-08-10T00:08:43.166+03:00  INFO 212 --- [service] [main] w.s.c.ServletWebServerApplicationContext : Root WebApplicationContext: initialization completed in 1678 ms
2025-08-10T00:08:43.512+03:00  INFO 212 --- [service] [main] com.zaxxer.hikari.HikariDataSource       : HikariPool-1 - Starting...
2025-08-10T00:08:43.694+03:00  INFO 212 --- [service] [main] com.zaxxer.hikari.pool.HikariPool        : HikariPool-1 - Added connection org.postgresql.jdbc.PgConnection@26d028f7
2025-08-10T00:08:43.696+03:00  INFO 212 --- [service] [main] com.zaxxer.hikari.HikariDataSource       : HikariPool-1 - Start completed.
2025-08-10T00:08:43.722+03:00  INFO 212 --- [service] [main] org.flywaydb.core.FlywayExecutor         : Database: jdbc:postgresql://localhost:5432/pdbc_db (PostgreSQL 16.1)
2025-08-10T00:08:43.775+03:00  INFO 212 --- [service] [main] o.f.core.internal.command.DbValidate     : Successfully validated 0 migrations (execution time 00:00.023s)
2025-08-10T00:08:43.775+03:00  WARN 212 --- [service] [main] o.f.core.internal.command.DbValidate     : No migrations found. Are your locations set up correctly?
2025-08-10T00:08:43.826+03:00  INFO 212 --- [service] [main] o.f.core.internal.command.DbMigrate      : Current version of schema "public": << Empty Schema >>
2025-08-10T00:08:43.830+03:00  INFO 212 --- [service] [main] o.f.core.internal.command.DbMigrate      : Schema "public" is up to date. No migration necessary.
2025-08-10T00:08:43.945+03:00  INFO 212 --- [service] [main] o.hibernate.jpa.internal.util.LogHelper  : HHH000204: Processing PersistenceUnitInfo [name: default]
2025-08-10T00:08:43.999+03:00  INFO 212 --- [service] [main] org.hibernate.Version                    : HHH000412: Hibernate ORM core version 6.6.22.Final
2025-08-10T00:08:44.036+03:00  INFO 212 --- [service] [main] o.h.c.internal.RegionFactoryInitiator    : HHH000026: Second-level cache disabled
2025-08-10T00:08:44.327+03:00  INFO 212 --- [service] [main] o.s.o.j.p.SpringPersistenceUnitInfo      : No LoadTimeWeaver setup: ignoring JPA class transformer
2025-08-10T00:08:44.414+03:00  INFO 212 --- [service] [main] org.hibernate.orm.connections.pooling    : HHH10001005: Database info:
	Database JDBC URL [Connecting through datasource 'HikariDataSource (HikariPool-1)']
	Database driver: undefined/unknown
	Database version: 16.1
	Autocommit mode: undefined/unknown
	Isolation level: undefined/unknown
	Minimum pool size: undefined/unknown
	Maximum pool size: undefined/unknown
2025-08-10T00:08:44.648+03:00  INFO 212 --- [service] [main] o.hibernate.id.enhanced.TableGenerator   : HHH000398: Explicit segment value for id generator [hibernate_sequences.sequence_name] suggested; using default [default]
2025-08-10T00:08:45.255+03:00  INFO 212 --- [service] [main] o.h.e.t.j.p.i.JtaPlatformInitiator       : HHH000489: No JTA platform available (set 'hibernate.transaction.jta.platform' to enable JTA platform integration)
2025-08-10T00:08:45.563+03:00  INFO 212 --- [service] [main] j.LocalContainerEntityManagerFactoryBean : Initialized JPA EntityManagerFactory for persistence unit 'default'
2025-08-10T00:08:45.977+03:00  WARN 212 --- [service] [main] JpaBaseConfiguration$JpaWebConfiguration : spring.jpa.open-in-view is enabled by default. Therefore, database queries may be performed during view rendering. Explicitly configure spring.jpa.open-in-view to disable this warning
2025-08-10T00:08:46.022+03:00  INFO 212 --- [service] [main] o.s.v.b.OptionalValidatorFactoryBean     : Failed to set up a Bean Validation provider: jakarta.validation.NoProviderFoundException: Unable to create a Configuration, because no Jakarta Bean Validation provider could be found. Add a provider like Hibernate Validator (RI) to your classpath.
2025-08-10T00:08:46.492+03:00  INFO 212 --- [service] [main] o.s.b.a.e.web.EndpointLinksResolver      : Exposing 1 endpoint beneath base path '/actuator'
2025-08-10T00:08:46.577+03:00  INFO 212 --- [service] [main] o.s.b.w.embedded.tomcat.TomcatWebServer  : Tomcat started on port 8080 (http) with context path '/'
2025-08-10T00:08:46.591+03:00  INFO 212 --- [service] [main] ru.team24.Team24Application              : Started Team24Application in 5.664 seconds (process running for 6.404)
2025-08-10T00:08:50.433+03:00  INFO 212 --- [service] [SpringApplicationShutdownHook] o.s.b.w.e.tomcat.GracefulShutdown        : Commencing graceful shutdown. Waiting for active requests to complete
2025-08-10T00:08:50.438+03:00  INFO 212 --- [service] [tomcat-shutdown] o.s.b.w.e.tomcat.GracefulShutdown        : Graceful shutdown complete
2025-08-10T00:08:50.444+03:00  INFO 212 --- [service] [SpringApplicationShutdownHook] j.LocalContainerEntityManagerFactoryBean : Closing JPA EntityManagerFactory for persistence unit 'default'
2025-08-10T00:08:50.446+03:00  INFO 212 --- [service] [SpringApplicationShutdownHook] com.zaxxer.hikari.HikariDataSource       : HikariPool-1 - Shutdown initiated...
2025-08-10T00:08:50.450+03:00  INFO 212 --- [service] [SpringApplicationShutdownHook] com.zaxxer.hikari.HikariDataSource       : HikariPool-1 - Shutdown completed.
